<?xml version="1.0" encoding="UTF-8"?>
<testng-results ignored="0" total="1" passed="1" failed="0" skipped="0">
  <reporter-output>
  </reporter-output>
  <suite started-at="2018-09-06T07:44:35Z" name="Default suite" finished-at="2018-09-06T07:45:03Z" duration-ms="28106">
    <groups>
    </groups>
    <test started-at="2018-09-06T07:44:35Z" name="Default test" finished-at="2018-09-06T07:45:03Z" duration-ms="28106">
      <class name="com.bluesky.test.smoke.SimpleUnitTest">
        <test-method is-config="true" signature="preCondition()[pri:0, instance:com.bluesky.test.smoke.SimpleUnitTest@672872e1]" started-at="2018-09-06T07:44:35Z" name="preCondition" finished-at="2018-09-06T07:44:56Z" duration-ms="20396" status="PASS">
          <reporter-output>
          </reporter-output>
        </test-method> <!-- preCondition -->
        <test-method signature="testApp()[pri:0, instance:com.bluesky.test.smoke.SimpleUnitTest@672872e1]" started-at="2018-09-06T07:44:56Z" name="testApp" finished-at="2018-09-06T07:45:00Z" duration-ms="4300" status="PASS">
          <reporter-output>
          </reporter-output>
        </test-method> <!-- testApp -->
        <test-method is-config="true" signature="postCondition()[pri:0, instance:com.bluesky.test.smoke.SimpleUnitTest@672872e1]" started-at="2018-09-06T07:45:00Z" name="postCondition" finished-at="2018-09-06T07:45:03Z" duration-ms="3236" status="PASS">
          <reporter-output>
          </reporter-output>
        </test-method> <!-- postCondition -->
      </class> <!-- com.bluesky.test.smoke.SimpleUnitTest -->
    </test> <!-- Default test -->
  </suite> <!-- Default suite -->
</testng-results>
